2019-02-08 17:49:30,223 INFO org.springframework.context.support.PostProcessorRegistrationDelegate$BeanPostProcessorChecker [main] Bean 'org.springframework.cloud.autoconfigure.ConfigurationPropertiesRebinderAutoConfiguration' of type [org.springframework.cloud.autoconfigure.ConfigurationPropertiesRebinderAutoConfiguration$$EnhancerBySpringCGLIB$$c50830c3] is not eligible for getting processed by all BeanPostProcessors (for example: not eligible for auto-proxying)
2019-02-08 17:49:30,802 INFO org.springframework.boot.SpringApplication [main] No active profile set, falling back to default profiles: default
2019-02-08 17:49:34,754 INFO org.springframework.data.repository.config.RepositoryConfigurationDelegate [main] Multiple Spring Data modules found, entering strict repository configuration mode!
2019-02-08 17:49:34,757 INFO org.springframework.data.repository.config.RepositoryConfigurationDelegate [main] Bootstrapping Spring Data repositories in DEFAULT mode.
2019-02-08 17:49:35,080 INFO org.springframework.data.repository.config.RepositoryConfigurationDelegate [main] Finished Spring Data repository scanning in 280ms. Found 3 repository interfaces.
2019-02-08 17:49:35,105 INFO org.springframework.data.repository.config.RepositoryConfigurationDelegate [main] Multiple Spring Data modules found, entering strict repository configuration mode!
2019-02-08 17:49:35,106 INFO org.springframework.data.repository.config.RepositoryConfigurationDelegate [main] Bootstrapping Spring Data repositories in DEFAULT mode.
2019-02-08 17:49:35,122 INFO org.springframework.data.repository.config.RepositoryConfigurationExtensionSupport [main] Spring Data LDAP - Could not safely identify store assignment for repository candidate interface com.simian.medallion.mobile.repository.NavRepository.
2019-02-08 17:49:35,123 INFO org.springframework.data.repository.config.RepositoryConfigurationExtensionSupport [main] Spring Data LDAP - Could not safely identify store assignment for repository candidate interface com.simian.medallion.mobile.repository.ProductRepository.
2019-02-08 17:49:35,125 INFO org.springframework.data.repository.config.RepositoryConfigurationExtensionSupport [main] Spring Data LDAP - Could not safely identify store assignment for repository candidate interface com.simian.medallion.mobile.repository.UserRepository.
2019-02-08 17:49:35,125 INFO org.springframework.data.repository.config.RepositoryConfigurationDelegate [main] Finished Spring Data repository scanning in 17ms. Found 0 repository interfaces.
2019-02-08 17:49:36,271 INFO org.springframework.cloud.context.scope.GenericScope [main] BeanFactory id=c7bf8264-10d6-38bb-b9fe-32f0e8e931af
2019-02-08 17:49:36,677 INFO org.springframework.context.support.PostProcessorRegistrationDelegate$BeanPostProcessorChecker [main] Bean 'org.springframework.transaction.annotation.ProxyTransactionManagementConfiguration' of type [org.springframework.transaction.annotation.ProxyTransactionManagementConfiguration$$EnhancerBySpringCGLIB$$a8ee2dc6] is not eligible for getting processed by all BeanPostProcessors (for example: not eligible for auto-proxying)
2019-02-08 17:49:37,260 INFO org.springframework.context.support.PostProcessorRegistrationDelegate$BeanPostProcessorChecker [main] Bean 'org.springframework.cloud.autoconfigure.ConfigurationPropertiesRebinderAutoConfiguration' of type [org.springframework.cloud.autoconfigure.ConfigurationPropertiesRebinderAutoConfiguration$$EnhancerBySpringCGLIB$$c50830c3] is not eligible for getting processed by all BeanPostProcessors (for example: not eligible for auto-proxying)
2019-02-08 17:49:38,875 INFO org.springframework.boot.web.embedded.tomcat.TomcatWebServer [main] Tomcat initialized with port(s): 9090 (http)
2019-02-08 17:49:38,980 INFO org.apache.juli.logging.DirectJDKLog [main] Initializing ProtocolHandler ["http-nio-0.0.0.0-9090"]
2019-02-08 17:49:39,006 INFO org.apache.juli.logging.DirectJDKLog [main] Starting service [Tomcat]
2019-02-08 17:49:39,007 INFO org.apache.juli.logging.DirectJDKLog [main] Starting Servlet engine: [Apache Tomcat/9.0.14]
2019-02-08 17:49:39,078 INFO org.apache.juli.logging.DirectJDKLog [main] The APR based Apache Tomcat Native library which allows optimal performance in production environments was not found on the java.library.path: [/usr/java/packages/lib/amd64:/usr/lib64:/lib64:/lib:/usr/lib]
2019-02-08 17:49:39,425 INFO org.apache.juli.logging.DirectJDKLog [main] Initializing Spring embedded WebApplicationContext
2019-02-08 17:49:39,425 INFO org.springframework.boot.web.servlet.context.ServletWebServerApplicationContext [main] Root WebApplicationContext: initialization completed in 8570 ms
2019-02-08 17:49:40,034 INFO org.springframework.ldap.core.support.AbstractContextSource [main] Property 'userDn' not set - anonymous context will be used for read-write operations
2019-02-08 17:49:41,373 INFO com.zaxxer.hikari.HikariDataSource [main] HikariPool-1 - Starting...
2019-02-08 17:49:41,663 INFO com.zaxxer.hikari.HikariDataSource [main] HikariPool-1 - Start completed.
2019-02-08 17:49:41,939 INFO org.hibernate.jpa.internal.util.LogHelper [main] HHH000204: Processing PersistenceUnitInfo [
	name: default
	...]
2019-02-08 17:49:42,298 INFO org.hibernate.Version [main] HHH000412: Hibernate Core {5.4.0.Final}
2019-02-08 17:49:42,301 INFO org.hibernate.cfg.Environment [main] HHH000206: hibernate.properties not found
2019-02-08 17:49:43,160 INFO org.hibernate.annotations.common.reflection.java.JavaReflectionManager [main] HCANN000001: Hibernate Commons Annotations {5.1.0.Final}
2019-02-08 17:49:44,148 INFO org.hibernate.dialect.Dialect [main] HHH000400: Using dialect: org.hibernate.dialect.PostgreSQLDialect
2019-02-08 17:49:44,476 INFO org.hibernate.engine.jdbc.env.internal.LobCreatorBuilderImpl [main] HHH000421: Disabling contextual LOB creation as hibernate.jdbc.lob.non_contextual_creation is true
2019-02-08 17:49:44,549 INFO org.hibernate.type.BasicTypeRegistry [main] HHH000270: Type registration [java.util.UUID] overrides previous : org.hibernate.type.UUIDBinaryType@723ac4fc
2019-02-08 17:49:44,898 WARN org.hibernate.boot.internal.InFlightMetadataCollectorImpl [main] HHH000069: Duplicate generator name generator
2019-02-08 17:49:44,904 WARN org.hibernate.boot.internal.InFlightMetadataCollectorImpl [main] HHH000069: Duplicate generator name generator
2019-02-08 17:49:44,932 WARN org.hibernate.id.SequenceGenerator [main] HHH90000014: Found use of deprecated [org.hibernate.id.SequenceIdentityGenerator] sequence-based id generator; use org.hibernate.id.enhanced.SequenceStyleGenerator instead.  See Hibernate Domain Model Mapping Guide for details.
2019-02-08 17:49:44,936 WARN org.hibernate.id.SequenceGenerator [main] HHH90000014: Found use of deprecated [org.hibernate.id.SequenceIdentityGenerator] sequence-based id generator; use org.hibernate.id.enhanced.SequenceStyleGenerator instead.  See Hibernate Domain Model Mapping Guide for details.
2019-02-08 17:49:44,937 WARN org.hibernate.id.SequenceGenerator [main] HHH90000014: Found use of deprecated [org.hibernate.id.SequenceIdentityGenerator] sequence-based id generator; use org.hibernate.id.enhanced.SequenceStyleGenerator instead.  See Hibernate Domain Model Mapping Guide for details.
2019-02-08 17:49:46,988 INFO org.hibernate.engine.transaction.jta.platform.internal.JtaPlatformInitiator [main] HHH000490: Using JtaPlatform implementation: [org.hibernate.engine.transaction.jta.platform.internal.NoJtaPlatform]
2019-02-08 17:49:47,055 INFO org.springframework.orm.jpa.AbstractEntityManagerFactoryBean [main] Initialized JPA EntityManagerFactory for persistence unit 'default'
2019-02-08 17:49:48,166 INFO org.hibernate.hql.internal.QueryTranslatorFactoryInitiator [main] HHH000397: Using ASTQueryTranslatorFactory
2019-02-08 17:49:50,676 INFO org.springframework.security.web.DefaultSecurityFilterChain [main] Creating filter chain: OrRequestMatcher [requestMatchers=[Ant [pattern='/oauth/token'], Ant [pattern='/oauth/token_key'], Ant [pattern='/oauth/check_token']]], [org.springframework.security.web.context.request.async.WebAsyncManagerIntegrationFilter@fa2c606, org.springframework.security.web.context.SecurityContextPersistenceFilter@681f919a, org.springframework.security.web.header.HeaderWriterFilter@30237143, org.springframework.security.web.authentication.logout.LogoutFilter@62614a5e, org.springframework.security.web.authentication.www.BasicAuthenticationFilter@5c22413, org.springframework.security.web.savedrequest.RequestCacheAwareFilter@7e9578da, org.springframework.security.web.servletapi.SecurityContextHolderAwareRequestFilter@224b0865, org.springframework.security.web.authentication.AnonymousAuthenticationFilter@7ad80a6f, org.springframework.security.web.session.SessionManagementFilter@70b1e2f7, org.springframework.security.web.access.ExceptionTranslationFilter@ab8b9e5, org.springframework.security.web.access.intercept.FilterSecurityInterceptor@1fb3817f]
2019-02-08 17:49:50,710 INFO org.springframework.security.web.DefaultSecurityFilterChain [main] Creating filter chain: org.springframework.security.oauth2.config.annotation.web.configuration.ResourceServerConfiguration$NotOAuthRequestMatcher@625bb7c2, [org.springframework.security.web.context.request.async.WebAsyncManagerIntegrationFilter@5018237c, org.springframework.security.web.context.SecurityContextPersistenceFilter@777f3fb8, org.springframework.security.web.header.HeaderWriterFilter@4c953aed, org.springframework.security.web.authentication.logout.LogoutFilter@6ee7a2f6, org.springframework.security.oauth2.provider.authentication.OAuth2AuthenticationProcessingFilter@60760881, org.springframework.security.web.savedrequest.RequestCacheAwareFilter@12fc281a, org.springframework.security.web.servletapi.SecurityContextHolderAwareRequestFilter@77db3afa, org.springframework.security.web.authentication.AnonymousAuthenticationFilter@1f6c6ef4, org.springframework.security.web.session.SessionManagementFilter@65bf9344, org.springframework.security.web.access.ExceptionTranslationFilter@3e9b6fb2, org.springframework.security.web.access.intercept.FilterSecurityInterceptor@4dcc40c5]
2019-02-08 17:49:50,717 INFO org.springframework.security.web.DefaultSecurityFilterChain [main] Creating filter chain: any request, [org.springframework.security.web.context.request.async.WebAsyncManagerIntegrationFilter@4ffb5493, org.springframework.security.web.context.SecurityContextPersistenceFilter@2af7c028, org.springframework.security.web.header.HeaderWriterFilter@4d208a82, org.springframework.security.web.authentication.logout.LogoutFilter@fa760b8, org.springframework.security.web.authentication.www.BasicAuthenticationFilter@7402a2b5, org.springframework.security.web.savedrequest.RequestCacheAwareFilter@2e05f381, org.springframework.security.web.servletapi.SecurityContextHolderAwareRequestFilter@67b80859, org.springframework.security.web.authentication.AnonymousAuthenticationFilter@9d14f7f, org.springframework.security.web.session.SessionManagementFilter@352bbb85, org.springframework.security.web.access.ExceptionTranslationFilter@1bb3f8b7, org.springframework.security.web.access.intercept.FilterSecurityInterceptor@4bc42d86]
2019-02-08 17:49:51,310 INFO org.springframework.scheduling.concurrent.ExecutorConfigurationSupport [main] Initializing ExecutorService 'applicationTaskExecutor'
2019-02-08 17:49:51,453 WARN org.springframework.boot.autoconfigure.orm.jpa.JpaBaseConfiguration$JpaWebConfiguration$JpaWebMvcConfiguration [main] spring.jpa.open-in-view is enabled by default. Therefore, database queries may be performed during view rendering. Explicitly configure spring.jpa.open-in-view to disable this warning
2019-02-08 17:49:52,714 INFO org.springframework.boot.actuate.endpoint.web.EndpointLinksResolver [main] Exposing 2 endpoint(s) beneath base path '/actuator'
2019-02-08 17:49:55,022 INFO org.apache.juli.logging.DirectJDKLog [main] Starting ProtocolHandler ["http-nio-0.0.0.0-9090"]
2019-02-08 17:49:55,686 INFO org.springframework.boot.web.embedded.tomcat.TomcatWebServer [main] Tomcat started on port(s): 9090 (http) with context path '/medallionMobile'
2019-02-08 17:49:55,704 INFO org.springframework.boot.StartupInfoLogger [main] Started MedallionMobileApplication in 30.567 seconds (JVM running for 46.881)
2019-02-08 17:53:09,904 INFO org.springframework.context.support.PostProcessorRegistrationDelegate$BeanPostProcessorChecker [main] Bean 'org.springframework.cloud.autoconfigure.ConfigurationPropertiesRebinderAutoConfiguration' of type [org.springframework.cloud.autoconfigure.ConfigurationPropertiesRebinderAutoConfiguration$$EnhancerBySpringCGLIB$$1c8bb5f1] is not eligible for getting processed by all BeanPostProcessors (for example: not eligible for auto-proxying)
2019-02-08 17:53:11,154 INFO org.springframework.boot.SpringApplication [main] No active profile set, falling back to default profiles: default
2019-02-08 17:53:14,477 INFO org.springframework.data.repository.config.RepositoryConfigurationDelegate [main] Multiple Spring Data modules found, entering strict repository configuration mode!
2019-02-08 17:53:14,481 INFO org.springframework.data.repository.config.RepositoryConfigurationDelegate [main] Bootstrapping Spring Data repositories in DEFAULT mode.
2019-02-08 17:53:14,975 INFO org.springframework.data.repository.config.RepositoryConfigurationDelegate [main] Finished Spring Data repository scanning in 146ms. Found 3 repository interfaces.
2019-02-08 17:53:14,992 INFO org.springframework.data.repository.config.RepositoryConfigurationDelegate [main] Multiple Spring Data modules found, entering strict repository configuration mode!
2019-02-08 17:53:14,994 INFO org.springframework.data.repository.config.RepositoryConfigurationDelegate [main] Bootstrapping Spring Data repositories in DEFAULT mode.
2019-02-08 17:53:15,011 INFO org.springframework.data.repository.config.RepositoryConfigurationExtensionSupport [main] Spring Data LDAP - Could not safely identify store assignment for repository candidate interface com.simian.medallion.mobile.repository.NavRepository.
2019-02-08 17:53:15,014 INFO org.springframework.data.repository.config.RepositoryConfigurationExtensionSupport [main] Spring Data LDAP - Could not safely identify store assignment for repository candidate interface com.simian.medallion.mobile.repository.ProductRepository.
2019-02-08 17:53:15,016 INFO org.springframework.data.repository.config.RepositoryConfigurationExtensionSupport [main] Spring Data LDAP - Could not safely identify store assignment for repository candidate interface com.simian.medallion.mobile.repository.UserRepository.
2019-02-08 17:53:15,016 INFO org.springframework.data.repository.config.RepositoryConfigurationDelegate [main] Finished Spring Data repository scanning in 21ms. Found 0 repository interfaces.
2019-02-08 17:53:15,919 INFO org.springframework.cloud.context.scope.GenericScope [main] BeanFactory id=2c0289eb-a435-3b13-a21d-d4374dc02366
2019-02-08 17:53:16,285 INFO org.springframework.context.support.PostProcessorRegistrationDelegate$BeanPostProcessorChecker [main] Bean 'org.springframework.transaction.annotation.ProxyTransactionManagementConfiguration' of type [org.springframework.transaction.annotation.ProxyTransactionManagementConfiguration$$EnhancerBySpringCGLIB$$71b2f4] is not eligible for getting processed by all BeanPostProcessors (for example: not eligible for auto-proxying)
2019-02-08 17:53:16,355 INFO org.springframework.context.support.PostProcessorRegistrationDelegate$BeanPostProcessorChecker [main] Bean 'org.springframework.cloud.autoconfigure.ConfigurationPropertiesRebinderAutoConfiguration' of type [org.springframework.cloud.autoconfigure.ConfigurationPropertiesRebinderAutoConfiguration$$EnhancerBySpringCGLIB$$1c8bb5f1] is not eligible for getting processed by all BeanPostProcessors (for example: not eligible for auto-proxying)
2019-02-08 17:53:16,930 INFO com.zaxxer.hikari.HikariDataSource [main] HikariPool-1 - Starting...
2019-02-08 17:53:17,090 INFO com.zaxxer.hikari.HikariDataSource [main] HikariPool-1 - Start completed.
2019-02-08 17:53:17,295 INFO org.hibernate.jpa.internal.util.LogHelper [main] HHH000204: Processing PersistenceUnitInfo [
	name: default
	...]
2019-02-08 17:53:17,468 INFO org.hibernate.Version [main] HHH000412: Hibernate Core {5.4.0.Final}
2019-02-08 17:53:17,472 INFO org.hibernate.cfg.Environment [main] HHH000206: hibernate.properties not found
2019-02-08 17:53:19,302 INFO org.hibernate.annotations.common.reflection.java.JavaReflectionManager [main] HCANN000001: Hibernate Commons Annotations {5.1.0.Final}
2019-02-08 17:53:19,501 INFO org.hibernate.dialect.Dialect [main] HHH000400: Using dialect: org.hibernate.dialect.PostgreSQLDialect
2019-02-08 17:53:19,772 INFO org.hibernate.engine.jdbc.env.internal.LobCreatorBuilderImpl [main] HHH000421: Disabling contextual LOB creation as hibernate.jdbc.lob.non_contextual_creation is true
2019-02-08 17:53:19,788 INFO org.hibernate.type.BasicTypeRegistry [main] HHH000270: Type registration [java.util.UUID] overrides previous : org.hibernate.type.UUIDBinaryType@5bfc79cb
2019-02-08 17:53:20,775 WARN org.hibernate.boot.internal.InFlightMetadataCollectorImpl [main] HHH000069: Duplicate generator name generator
2019-02-08 17:53:20,781 WARN org.hibernate.boot.internal.InFlightMetadataCollectorImpl [main] HHH000069: Duplicate generator name generator
2019-02-08 17:53:20,800 WARN org.hibernate.id.SequenceGenerator [main] HHH90000014: Found use of deprecated [org.hibernate.id.SequenceIdentityGenerator] sequence-based id generator; use org.hibernate.id.enhanced.SequenceStyleGenerator instead.  See Hibernate Domain Model Mapping Guide for details.
2019-02-08 17:53:20,802 WARN org.hibernate.id.SequenceGenerator [main] HHH90000014: Found use of deprecated [org.hibernate.id.SequenceIdentityGenerator] sequence-based id generator; use org.hibernate.id.enhanced.SequenceStyleGenerator instead.  See Hibernate Domain Model Mapping Guide for details.
2019-02-08 17:53:20,803 WARN org.hibernate.id.SequenceGenerator [main] HHH90000014: Found use of deprecated [org.hibernate.id.SequenceIdentityGenerator] sequence-based id generator; use org.hibernate.id.enhanced.SequenceStyleGenerator instead.  See Hibernate Domain Model Mapping Guide for details.
2019-02-08 17:53:21,658 INFO org.hibernate.engine.transaction.jta.platform.internal.JtaPlatformInitiator [main] HHH000490: Using JtaPlatform implementation: [org.hibernate.engine.transaction.jta.platform.internal.NoJtaPlatform]
2019-02-08 17:53:21,664 INFO org.springframework.orm.jpa.AbstractEntityManagerFactoryBean [main] Initialized JPA EntityManagerFactory for persistence unit 'default'
2019-02-08 17:53:22,794 INFO org.hibernate.hql.internal.QueryTranslatorFactoryInitiator [main] HHH000397: Using ASTQueryTranslatorFactory
2019-02-08 17:53:30,043 INFO org.springframework.security.web.DefaultSecurityFilterChain [main] Creating filter chain: OrRequestMatcher [requestMatchers=[Ant [pattern='/oauth/token'], Ant [pattern='/oauth/token_key'], Ant [pattern='/oauth/check_token']]], [org.springframework.security.web.context.request.async.WebAsyncManagerIntegrationFilter@2697c156, org.springframework.security.web.context.SecurityContextPersistenceFilter@54970127, org.springframework.security.web.header.HeaderWriterFilter@55b45ea1, org.springframework.security.web.authentication.logout.LogoutFilter@644e6a8e, org.springframework.security.web.authentication.www.BasicAuthenticationFilter@21ce3b22, org.springframework.security.web.savedrequest.RequestCacheAwareFilter@749ee0e3, org.springframework.security.web.servletapi.SecurityContextHolderAwareRequestFilter@2d3bb944, org.springframework.security.web.authentication.AnonymousAuthenticationFilter@533d7c61, org.springframework.security.web.session.SessionManagementFilter@5a8656a2, org.springframework.security.web.access.ExceptionTranslationFilter@4037cdb0, org.springframework.security.web.access.intercept.FilterSecurityInterceptor@7bdb4d69]
2019-02-08 17:53:30,083 INFO org.springframework.security.web.DefaultSecurityFilterChain [main] Creating filter chain: org.springframework.security.oauth2.config.annotation.web.configuration.ResourceServerConfiguration$NotOAuthRequestMatcher@3ae91ab3, [org.springframework.security.web.context.request.async.WebAsyncManagerIntegrationFilter@16cb6f51, org.springframework.security.web.context.SecurityContextPersistenceFilter@470f0637, org.springframework.security.web.header.HeaderWriterFilter@3cfab340, org.springframework.security.web.authentication.logout.LogoutFilter@4203529f, org.springframework.security.oauth2.provider.authentication.OAuth2AuthenticationProcessingFilter@146db8a6, org.springframework.security.web.savedrequest.RequestCacheAwareFilter@6b278b17, org.springframework.security.web.servletapi.SecurityContextHolderAwareRequestFilter@2ae5580, org.springframework.security.web.authentication.AnonymousAuthenticationFilter@3fc5d397, org.springframework.security.web.session.SessionManagementFilter@3387ab0, org.springframework.security.web.access.ExceptionTranslationFilter@780a91d0, org.springframework.security.web.access.intercept.FilterSecurityInterceptor@1f70bce5]
2019-02-08 17:53:30,108 INFO org.springframework.security.web.DefaultSecurityFilterChain [main] Creating filter chain: any request, [org.springframework.security.web.context.request.async.WebAsyncManagerIntegrationFilter@42ef5216, org.springframework.security.web.context.SecurityContextPersistenceFilter@4d770bcd, org.springframework.security.web.header.HeaderWriterFilter@5cba890e, org.springframework.security.web.authentication.logout.LogoutFilter@58ac0823, org.springframework.security.web.authentication.www.BasicAuthenticationFilter@35d81657, org.springframework.security.web.savedrequest.RequestCacheAwareFilter@fe156f4, org.springframework.security.web.servletapi.SecurityContextHolderAwareRequestFilter@79b4cff, org.springframework.security.web.authentication.AnonymousAuthenticationFilter@3180aee, org.springframework.security.web.session.SessionManagementFilter@3a4cb483, org.springframework.security.web.access.ExceptionTranslationFilter@4790b897, org.springframework.security.web.access.intercept.FilterSecurityInterceptor@55317c63]
2019-02-08 17:53:33,122 INFO org.springframework.scheduling.concurrent.ExecutorConfigurationSupport [main] Initializing ExecutorService 'applicationTaskExecutor'
2019-02-08 17:53:33,265 WARN org.springframework.boot.autoconfigure.orm.jpa.JpaBaseConfiguration$JpaWebConfiguration$JpaWebMvcConfiguration [main] spring.jpa.open-in-view is enabled by default. Therefore, database queries may be performed during view rendering. Explicitly configure spring.jpa.open-in-view to disable this warning
2019-02-08 17:53:36,597 INFO org.springframework.ldap.core.support.AbstractContextSource [main] Property 'userDn' not set - anonymous context will be used for read-write operations
2019-02-08 17:53:38,145 INFO org.springframework.boot.actuate.endpoint.web.EndpointLinksResolver [main] Exposing 2 endpoint(s) beneath base path '/actuator'
2019-02-08 17:53:38,558 INFO org.springframework.boot.StartupInfoLogger [main] Started MedallionMobileApplicationTests in 31.799 seconds (JVM running for 33.164)
2019-02-08 17:53:42,915 INFO org.springframework.scheduling.concurrent.ExecutorConfigurationSupport [Thread-8] Shutting down ExecutorService 'applicationTaskExecutor'
2019-02-08 17:53:42,922 INFO org.springframework.orm.jpa.AbstractEntityManagerFactoryBean [Thread-8] Closing JPA EntityManagerFactory for persistence unit 'default'
2019-02-08 17:53:42,927 INFO com.zaxxer.hikari.HikariDataSource [Thread-8] HikariPool-1 - Shutdown initiated...
2019-02-08 17:53:42,941 INFO com.zaxxer.hikari.HikariDataSource [Thread-8] HikariPool-1 - Shutdown completed.
2019-02-08 18:23:47,347 INFO org.springframework.boot.admin.SpringApplicationAdminMXBeanRegistrar$SpringApplicationAdmin [RMI TCP Connection(2)-127.0.0.1] Application shutdown requested.
2019-02-08 18:23:47,377 INFO org.springframework.scheduling.concurrent.ExecutorConfigurationSupport [RMI TCP Connection(2)-127.0.0.1] Shutting down ExecutorService 'applicationTaskExecutor'
2019-02-08 18:23:47,385 INFO org.springframework.orm.jpa.AbstractEntityManagerFactoryBean [RMI TCP Connection(2)-127.0.0.1] Closing JPA EntityManagerFactory for persistence unit 'default'
2019-02-08 18:23:47,409 INFO com.zaxxer.hikari.HikariDataSource [RMI TCP Connection(2)-127.0.0.1] HikariPool-1 - Shutdown initiated...
2019-02-08 18:23:47,417 INFO com.zaxxer.hikari.HikariDataSource [RMI TCP Connection(2)-127.0.0.1] HikariPool-1 - Shutdown completed.
2019-02-08 18:23:47,419 INFO org.apache.juli.logging.DirectJDKLog [RMI TCP Connection(2)-127.0.0.1] Pausing ProtocolHandler ["http-nio-0.0.0.0-9090"]
2019-02-08 18:23:47,506 INFO org.apache.juli.logging.DirectJDKLog [RMI TCP Connection(2)-127.0.0.1] Stopping service [Tomcat]
2019-02-08 18:23:47,625 INFO org.apache.juli.logging.DirectJDKLog [RMI TCP Connection(2)-127.0.0.1] Stopping ProtocolHandler ["http-nio-0.0.0.0-9090"]
2019-02-08 18:23:47,637 INFO org.apache.juli.logging.DirectJDKLog [RMI TCP Connection(2)-127.0.0.1] Destroying ProtocolHandler ["http-nio-0.0.0.0-9090"]
